# JRE version: OpenJDK Runtime Environment Temurin-21.0.10+7 (21.0.10+7) (build 21.0.10+7-LTS)
# Java VM: OpenJDK 64-Bit Server VM Temurin-21.0.10+7 (21.0.10+7-LTS, mixed mode, sharing, tiered, compressed oops, compressed class ptrs, parallel gc, windows-amd64)
GC Precious Log:
 CardTable entry size: 512
 CPUs: 12 total, 12 available
 Memory: 16163M
 Large Page Support: Disabled
 NUMA Support: Disabled
 Compressed Oops: Enabled (32-bit)
 Alignments: Space 512K, Generation 512K, Heap 2M
 Heap Min Capacity: 100M
 Heap Initial Capacity: 100M
 Heap Max Capacity: 2G
 Pre-touch: Disabled
 Parallel Workers: 10
Heap:
 PSYoungGen      total 16896K, used 5828K [0x00000000d5580000, 0x00000000d6880000, 0x0000000100000000)
  eden space 15360K, 28% used [0x00000000d5580000,0x00000000d59d9190,0x00000000d6480000)
  from space 1536K, 89% used [0x00000000d6480000,0x00000000d65d8000,0x00000000d6600000)
  to   space 2048K, 0% used [0x00000000d6680000,0x00000000d6680000,0x00000000d6880000)
 ParOldGen       total 68608K, used 45369K [0x0000000080000000, 0x0000000084300000, 0x00000000d5580000)
  object space 68608K, 66% used [0x0000000080000000,0x0000000082c4e5d8,0x0000000084300000)
 Metaspace       used 45863K, committed 47168K, reserved 1114112K
  class space    used 4948K, committed 5504K, reserved 1048576K
GC Heap History (20 events):
Event: 12.415 GC heap before
{Heap before GC invocations=20 (full 2):
 PSYoungGen      total 23552K, used 23456K [0x00000000d5580000, 0x00000000d7000000, 0x0000000100000000)
  eden space 20992K, 100% used [0x00000000d5580000,0x00000000d6a00000,0x00000000d6a00000)
  from space 2560K, 96% used [0x00000000d6a00000,0x00000000d6c68000,0x00000000d6c80000)
  to   space 3072K, 0% used [0x00000000d6d00000,0x00000000d6d00000,0x00000000d7000000)
 ParOldGen       total 68608K, used 25172K [0x0000000080000000, 0x0000000084300000, 0x00000000d5580000)
  object space 68608K, 36% used [0x0000000080000000,0x0000000081895250,0x0000000084300000)
 Metaspace       used 42914K, committed 44160K, reserved 1114112K
  class space    used 4630K, committed 5184K, reserved 1048576K
}
Event: 12.419 GC heap after
{Heap after GC invocations=20 (full 2):
 PSYoungGen      total 24064K, used 2752K [0x00000000d5580000, 0x00000000d7000000, 0x0000000100000000)
  eden space 20992K, 0% used [0x00000000d5580000,0x00000000d5580000,0x00000000d6a00000)
  from space 3072K, 89% used [0x00000000d6d00000,0x00000000d6fb0000,0x00000000d7000000)
  to   space 3072K, 0% used [0x00000000d6a00000,0x00000000d6a00000,0x00000000d6d00000)
 ParOldGen       total 68608K, used 27459K [0x0000000080000000, 0x0000000084300000, 0x00000000d5580000)
  object space 68608K, 40% used [0x0000000080000000,0x0000000081ad0f50,0x0000000084300000)
 Metaspace       used 42914K, committed 44160K, reserved 1114112K
  class space    used 4630K, committed 5184K, reserved 1048576K
}
Event: 12.945 GC heap before
{Heap before GC invocations=21 (full 2):
 PSYoungGen      total 24064K, used 23744K [0x00000000d5580000, 0x00000000d7000000, 0x0000000100000000)
  eden space 20992K, 100% used [0x00000000d5580000,0x00000000d6a00000,0x00000000d6a00000)
  from space 3072K, 89% used [0x00000000d6d00000,0x00000000d6fb0000,0x00000000d7000000)
  to   space 3072K, 0% used [0x00000000d6a00000,0x00000000d6a00000,0x00000000d6d00000)
 ParOldGen       total 68608K, used 27459K [0x0000000080000000, 0x0000000084300000, 0x00000000d5580000)
  object space 68608K, 40% used [0x0000000080000000,0x0000000081ad0f50,0x0000000084300000)
 Metaspace       used 44725K, committed 46016K, reserved 1114112K
  class space    used 4854K, committed 5440K, reserved 1048576K
}
Event: 12.948 GC heap after
{Heap after GC invocations=21 (full 2):
 PSYoungGen      total 23040K, used 1824K [0x00000000d5580000, 0x00000000d6f00000, 0x0000000100000000)
  eden space 20992K, 0% used [0x00000000d5580000,0x00000000d5580000,0x00000000d6a00000)
  from space 2048K, 89% used [0x00000000d6a00000,0x00000000d6bc8000,0x00000000d6c00000)
  to   space 2560K, 0% used [0x00000000d6c80000,0x00000000d6c80000,0x00000000d6f00000)
 ParOldGen       total 68608K, used 30085K [0x0000000080000000, 0x0000000084300000, 0x00000000d5580000)
  object space 68608K, 43% used [0x0000000080000000,0x0000000081d61708,0x0000000084300000)
 Metaspace       used 44725K, committed 46016K, reserved 1114112K
  class space    used 4854K, committed 5440K, reserved 1048576K
}
Event: 13.270 GC heap before
{Heap before GC invocations=22 (full 2):
 PSYoungGen      total 23040K, used 22786K [0x00000000d5580000, 0x00000000d6f00000, 0x0000000100000000)
  eden space 20992K, 99% used [0x00000000d5580000,0x00000000d69f8810,0x00000000d6a00000)
  from space 2048K, 89% used [0x00000000d6a00000,0x00000000d6bc8000,0x00000000d6c00000)
  to   space 2560K, 0% used [0x00000000d6c80000,0x00000000d6c80000,0x00000000d6f00000)
 ParOldGen       total 68608K, used 30085K [0x0000000080000000, 0x0000000084300000, 0x00000000d5580000)
  object space 68608K, 43% used [0x0000000080000000,0x0000000081d61708,0x0000000084300000)
 Metaspace       used 45800K, committed 47104K, reserved 1114112K
  class space    used 4947K, committed 5504K, reserved 1048576K
}
Event: 13.275 GC heap after
{Heap after GC invocations=22 (full 2):
 PSYoungGen      total 19456K, used 2536K [0x00000000d5580000, 0x00000000d7700000, 0x0000000100000000)
  eden space 16896K, 0% used [0x00000000d5580000,0x00000000d5580000,0x00000000d6600000)
  from space 2560K, 99% used [0x00000000d6c80000,0x00000000d6efa0c8,0x00000000d6f00000)
  to   space 6656K, 0% used [0x00000000d6600000,0x00000000d6600000,0x00000000d6c80000)
 ParOldGen       total 68608K, used 33423K [0x0000000080000000, 0x0000000084300000, 0x00000000d5580000)
  object space 68608K, 48% used [0x0000000080000000,0x00000000820a3da8,0x0000000084300000)
 Metaspace       used 45800K, committed 47104K, reserved 1114112K
  class space    used 4947K, committed 5504K, reserved 1048576K
}
Event: 13.347 GC heap before
{Heap before GC invocations=23 (full 2):
 PSYoungGen      total 19456K, used 19432K [0x00000000d5580000, 0x00000000d7700000, 0x0000000100000000)
  eden space 16896K, 100% used [0x00000000d5580000,0x00000000d6600000,0x00000000d6600000)
  from space 2560K, 99% used [0x00000000d6c80000,0x00000000d6efa0c8,0x00000000d6f00000)
  to   space 6656K, 0% used [0x00000000d6600000,0x00000000d6600000,0x00000000d6c80000)
 ParOldGen       total 68608K, used 33423K [0x0000000080000000, 0x0000000084300000, 0x00000000d5580000)
  object space 68608K, 48% used [0x0000000080000000,0x00000000820a3da8,0x0000000084300000)
 Metaspace       used 45855K, committed 47168K, reserved 1114112K
  class space    used 4947K, committed 5504K, reserved 1048576K
}
Event: 13.351 GC heap after
{Heap after GC invocations=23 (full 2):
 PSYoungGen      total 19456K, used 2306K [0x00000000d5580000, 0x00000000d6e00000, 0x0000000100000000)
  eden space 16896K, 0% used [0x00000000d5580000,0x00000000d5580000,0x00000000d6600000)
  from space 2560K, 90% used [0x00000000d6600000,0x00000000d6840bb0,0x00000000d6880000)
  to   space 4096K, 0% used [0x00000000d6a00000,0x00000000d6a00000,0x00000000d6e00000)
 ParOldGen       total 68608K, used 35678K [0x0000000080000000, 0x0000000084300000, 0x00000000d5580000)
  object space 68608K, 52% used [0x0000000080000000,0x00000000822d7a08,0x0000000084300000)
 Metaspace       used 45855K, committed 47168K, reserved 1114112K
  class space    used 4947K, committed 5504K, reserved 1048576K
}
Event: 13.407 GC heap before
{Heap before GC invocations=24 (full 2):
 PSYoungGen      total 19456K, used 19202K [0x00000000d5580000, 0x00000000d6e00000, 0x0000000100000000)
  eden space 16896K, 100% used [0x00000000d5580000,0x00000000d6600000,0x00000000d6600000)
  from space 2560K, 90% used [0x00000000d6600000,0x00000000d6840bb0,0x00000000d6880000)
  to   space 4096K, 0% used [0x00000000d6a00000,0x00000000d6a00000,0x00000000d6e00000)
 ParOldGen       total 68608K, used 35678K [0x0000000080000000, 0x0000000084300000, 0x00000000d5580000)
  object space 68608K, 52% used [0x0000000080000000,0x00000000822d7a08,0x0000000084300000)
 Metaspace       used 45855K, committed 47168K, reserved 1114112K
  class space    used 4947K, committed 5504K, reserved 1048576K
}
Event: 13.411 GC heap after
{Heap after GC invocations=24 (full 2):
 PSYoungGen      total 18944K, used 1568K [0x00000000d5580000, 0x00000000d6c00000, 0x0000000100000000)
  eden space 16896K, 0% used [0x00000000d5580000,0x00000000d5580000,0x00000000d6600000)
  from space 2048K, 76% used [0x00000000d6a00000,0x00000000d6b88000,0x00000000d6c00000)
  to   space 2560K, 0% used [0x00000000d6700000,0x00000000d6700000,0x00000000d6980000)
 ParOldGen       total 68608K, used 37929K [0x0000000080000000, 0x0000000084300000, 0x00000000d5580000)
  object space 68608K, 55% used [0x0000000080000000,0x000000008250a5b8,0x0000000084300000)
 Metaspace       used 45855K, committed 47168K, reserved 1114112K
  class space    used 4947K, committed 5504K, reserved 1048576K
}
Event: 13.475 GC heap before
{Heap before GC invocations=25 (full 2):
 PSYoungGen      total 18944K, used 18464K [0x00000000d5580000, 0x00000000d6c00000, 0x0000000100000000)
  eden space 16896K, 100% used [0x00000000d5580000,0x00000000d6600000,0x00000000d6600000)
  from space 2048K, 76% used [0x00000000d6a00000,0x00000000d6b88000,0x00000000d6c00000)
  to   space 2560K, 0% used [0x00000000d6700000,0x00000000d6700000,0x00000000d6980000)
 ParOldGen       total 68608K, used 37929K [0x0000000080000000, 0x0000000084300000, 0x00000000d5580000)
  object space 68608K, 55% used [0x0000000080000000,0x000000008250a5b8,0x0000000084300000)
 Metaspace       used 45856K, committed 47168K, reserved 1114112K
  class space    used 4947K, committed 5504K, reserved 1048576K
}
Event: 13.479 GC heap after
{Heap after GC invocations=25 (full 2):
 PSYoungGen      total 18944K, used 1760K [0x00000000d5580000, 0x00000000d6a80000, 0x0000000100000000)
  eden space 16896K, 0% used [0x00000000d5580000,0x00000000d5580000,0x00000000d6600000)
  from space 2048K, 85% used [0x00000000d6700000,0x00000000d68b8010,0x00000000d6900000)
  to   space 1536K, 0% used [0x00000000d6900000,0x00000000d6900000,0x00000000d6a80000)
 ParOldGen       total 68608K, used 39369K [0x0000000080000000, 0x0000000084300000, 0x00000000d5580000)
  object space 68608K, 57% used [0x0000000080000000,0x00000000826725b8,0x0000000084300000)
 Metaspace       used 45856K, committed 47168K, reserved 1114112K
  class space    used 4947K, committed 5504K, reserved 1048576K
}
Event: 13.530 GC heap before
{Heap before GC invocations=26 (full 2):
 PSYoungGen      total 18944K, used 18656K [0x00000000d5580000, 0x00000000d6a80000, 0x0000000100000000)
  eden space 16896K, 100% used [0x00000000d5580000,0x00000000d6600000,0x00000000d6600000)
  from space 2048K, 85% used [0x00000000d6700000,0x00000000d68b8010,0x00000000d6900000)
  to   space 1536K, 0% used [0x00000000d6900000,0x00000000d6900000,0x00000000d6a80000)
 ParOldGen       total 68608K, used 39369K [0x0000000080000000, 0x0000000084300000, 0x00000000d5580000)
  object space 68608K, 57% used [0x0000000080000000,0x00000000826725b8,0x0000000084300000)
 Metaspace       used 45858K, committed 47168K, reserved 1114112K
  class space    used 4947K, committed 5504K, reserved 1048576K
}
Event: 13.534 GC heap after
{Heap after GC invocations=26 (full 2):
 PSYoungGen      total 18432K, used 1504K [0x00000000d5580000, 0x00000000d6a80000, 0x0000000100000000)
  eden space 16896K, 0% used [0x00000000d5580000,0x00000000d5580000,0x00000000d6600000)
  from space 1536K, 97% used [0x00000000d6900000,0x00000000d6a78000,0x00000000d6a80000)
  to   space 2048K, 0% used [0x00000000d6680000,0x00000000d6680000,0x00000000d6880000)
 ParOldGen       total 68608K, used 40961K [0x0000000080000000, 0x0000000084300000, 0x00000000d5580000)
  object space 68608K, 59% used [0x0000000080000000,0x00000000828005c8,0x0000000084300000)
 Metaspace       used 45858K, committed 47168K, reserved 1114112K
  class space    used 4947K, committed 5504K, reserved 1048576K
}
Event: 13.593 GC heap before
{Heap before GC invocations=27 (full 2):
 PSYoungGen      total 18432K, used 18400K [0x00000000d5580000, 0x00000000d6a80000, 0x0000000100000000)
  eden space 16896K, 100% used [0x00000000d5580000,0x00000000d6600000,0x00000000d6600000)
  from space 1536K, 97% used [0x00000000d6900000,0x00000000d6a78000,0x00000000d6a80000)
  to   space 2048K, 0% used [0x00000000d6680000,0x00000000d6680000,0x00000000d6880000)
 ParOldGen       total 68608K, used 40961K [0x0000000080000000, 0x0000000084300000, 0x00000000d5580000)
  object space 68608K, 59% used [0x0000000080000000,0x00000000828005c8,0x0000000084300000)
 Metaspace       used 45858K, committed 47168K, reserved 1114112K
  class space    used 4947K, committed 5504K, reserved 1048576K
}
Event: 13.597 GC heap after
{Heap after GC invocations=27 (full 2):
 PSYoungGen      total 18432K, used 1472K [0x00000000d5580000, 0x00000000d6980000, 0x0000000100000000)
  eden space 16896K, 0% used [0x00000000d5580000,0x00000000d5580000,0x00000000d6600000)
  from space 1536K, 95% used [0x00000000d6680000,0x00000000d67f0000,0x00000000d6800000)
  to   space 1536K, 0% used [0x00000000d6800000,0x00000000d6800000,0x00000000d6980000)
 ParOldGen       total 68608K, used 42337K [0x0000000080000000, 0x0000000084300000, 0x00000000d5580000)
  object space 68608K, 61% used [0x0000000080000000,0x00000000829585c8,0x0000000084300000)
 Metaspace       used 45858K, committed 47168K, reserved 1114112K
  class space    used 4947K, committed 5504K, reserved 1048576K
}
Event: 13.649 GC heap before
{Heap before GC invocations=28 (full 2):
 PSYoungGen      total 18432K, used 18368K [0x00000000d5580000, 0x00000000d6980000, 0x0000000100000000)
  eden space 16896K, 100% used [0x00000000d5580000,0x00000000d6600000,0x00000000d6600000)
  from space 1536K, 95% used [0x00000000d6680000,0x00000000d67f0000,0x00000000d6800000)
  to   space 1536K, 0% used [0x00000000d6800000,0x00000000d6800000,0x00000000d6980000)
 ParOldGen       total 68608K, used 42337K [0x0000000080000000, 0x0000000084300000, 0x00000000d5580000)
  object space 68608K, 61% used [0x0000000080000000,0x00000000829585c8,0x0000000084300000)
 Metaspace       used 45858K, committed 47168K, reserved 1114112K
  class space    used 4947K, committed 5504K, reserved 1048576K
}
Event: 13.655 GC heap after
{Heap after GC invocations=28 (full 2):
 PSYoungGen      total 16896K, used 1504K [0x00000000d5580000, 0x00000000d6d00000, 0x0000000100000000)
  eden space 15360K, 0% used [0x00000000d5580000,0x00000000d5580000,0x00000000d6480000)
  from space 1536K, 97% used [0x00000000d6800000,0x00000000d6978010,0x00000000d6980000)
  to   space 3584K, 0% used [0x00000000d6480000,0x00000000d6480000,0x00000000d6800000)
 ParOldGen       total 68608K, used 43857K [0x0000000080000000, 0x0000000084300000, 0x00000000d5580000)
  object space 68608K, 63% used [0x0000000080000000,0x0000000082ad45c8,0x0000000084300000)
 Metaspace       used 45858K, committed 47168K, reserved 1114112K
  class space    used 4947K, committed 5504K, reserved 1048576K
}
Event: 13.689 GC heap before
{Heap before GC invocations=29 (full 2):
 PSYoungGen      total 16896K, used 16864K [0x00000000d5580000, 0x00000000d6d00000, 0x0000000100000000)
  eden space 15360K, 100% used [0x00000000d5580000,0x00000000d6480000,0x00000000d6480000)
  from space 1536K, 97% used [0x00000000d6800000,0x00000000d6978010,0x00000000d6980000)
  to   space 3584K, 0% used [0x00000000d6480000,0x00000000d6480000,0x00000000d6800000)
 ParOldGen       total 68608K, used 43857K [0x0000000080000000, 0x0000000084300000, 0x00000000d5580000)
  object space 68608K, 63% used [0x0000000080000000,0x0000000082ad45c8,0x0000000084300000)
 Metaspace       used 45858K, committed 47168K, reserved 1114112K
  class space    used 4947K, committed 5504K, reserved 1048576K
}
Event: 13.692 GC heap after
{Heap after GC invocations=29 (full 2):
 PSYoungGen      total 16896K, used 1376K [0x00000000d5580000, 0x00000000d6880000, 0x0000000100000000)
  eden space 15360K, 0% used [0x00000000d5580000,0x00000000d5580000,0x00000000d6480000)
  from space 1536K, 89% used [0x00000000d6480000,0x00000000d65d8000,0x00000000d6600000)
  to   space 2048K, 0% used [0x00000000d6680000,0x00000000d6680000,0x00000000d6880000)
 ParOldGen       total 68608K, used 45369K [0x0000000080000000, 0x0000000084300000, 0x00000000d5580000)
  object space 68608K, 66% used [0x0000000080000000,0x0000000082c4e5d8,0x0000000084300000)
 Metaspace       used 45858K, committed 47168K, reserved 1114112K
  class space    used 4947K, committed 5504K, reserved 1048576K
}

