# JRE version: OpenJDK Runtime Environment Temurin-21.0.10+7 (21.0.10+7) (build 21.0.10+7-LTS)
# Java VM: OpenJDK 64-Bit Server VM Temurin-21.0.10+7 (21.0.10+7-LTS, mixed mode, sharing, tiered, compressed oops, compressed class ptrs, parallel gc, windows-amd64)
GC Precious Log:
 CardTable entry size: 512
 CPUs: 12 total, 12 available
 Memory: 16163M
 Large Page Support: Disabled
 NUMA Support: Disabled
 Compressed Oops: Enabled (32-bit)
 Alignments: Space 512K, Generation 512K, Heap 2M
 Heap Min Capacity: 100M
 Heap Initial Capacity: 100M
 Heap Max Capacity: 2G
 Pre-touch: Disabled
 Parallel Workers: 10
Heap:
 PSYoungGen      total 4608K, used 1459K [0x00000000d5580000, 0x00000000d5b00000, 0x0000000100000000)
  eden space 3584K, 24% used [0x00000000d5580000,0x00000000d5657e20,0x00000000d5900000)
  from space 1024K, 58% used [0x00000000d5a00000,0x00000000d5a94ed0,0x00000000d5b00000)
  to   space 1024K, 0% used [0x00000000d5900000,0x00000000d5900000,0x00000000d5a00000)
 ParOldGen       total 361472K, used 361338K [0x0000000080000000, 0x0000000096100000, 0x00000000d5580000)
  object space 361472K, 99% used [0x0000000080000000,0x00000000960deae8,0x0000000096100000)
 Metaspace       used 64461K, committed 65920K, reserved 1114112K
  class space    used 6652K, committed 7360K, reserved 1048576K
GC Heap History (20 events):
Event: 17.960 GC heap before
{Heap before GC invocations=510 (full 3):
 PSYoungGen      total 4608K, used 4026K [0x00000000d5580000, 0x00000000d5a80000, 0x0000000100000000)
  eden space 3584K, 100% used [0x00000000d5580000,0x00000000d5900000,0x00000000d5900000)
  from space 1024K, 43% used [0x00000000d5980000,0x00000000d59eebd0,0x00000000d5a80000)
  to   space 512K, 0% used [0x00000000d5900000,0x00000000d5900000,0x00000000d5980000)
 ParOldGen       total 355840K, used 355461K [0x0000000080000000, 0x0000000095b80000, 0x00000000d5580000)
  object space 355840K, 99% used [0x0000000080000000,0x0000000095b21410,0x0000000095b80000)
 Metaspace       used 64312K, committed 65792K, reserved 1114112K
  class space    used 6652K, committed 7360K, reserved 1048576K
}
Event: 17.961 GC heap after
{Heap after GC invocations=510 (full 3):
 PSYoungGen      total 4096K, used 512K [0x00000000d5580000, 0x00000000d5b00000, 0x0000000100000000)
  eden space 3584K, 0% used [0x00000000d5580000,0x00000000d5580000,0x00000000d5900000)
  from space 512K, 100% used [0x00000000d5900000,0x00000000d5980000,0x00000000d5980000)
  to   space 1024K, 0% used [0x00000000d5a00000,0x00000000d5a00000,0x00000000d5b00000)
 ParOldGen       total 355840K, used 355786K [0x0000000080000000, 0x0000000095b80000, 0x00000000d5580000)
  object space 355840K, 99% used [0x0000000080000000,0x0000000095b72a08,0x0000000095b80000)
 Metaspace       used 64312K, committed 65792K, reserved 1114112K
  class space    used 6652K, committed 7360K, reserved 1048576K
}
Event: 17.966 GC heap before
{Heap before GC invocations=511 (full 3):
 PSYoungGen      total 4096K, used 4096K [0x00000000d5580000, 0x00000000d5b00000, 0x0000000100000000)
  eden space 3584K, 100% used [0x00000000d5580000,0x00000000d5900000,0x00000000d5900000)
  from space 512K, 100% used [0x00000000d5900000,0x00000000d5980000,0x00000000d5980000)
  to   space 1024K, 0% used [0x00000000d5a00000,0x00000000d5a00000,0x00000000d5b00000)
 ParOldGen       total 355840K, used 355786K [0x0000000080000000, 0x0000000095b80000, 0x00000000d5580000)
  object space 355840K, 99% used [0x0000000080000000,0x0000000095b72a08,0x0000000095b80000)
 Metaspace       used 64318K, committed 65792K, reserved 1114112K
  class space    used 6652K, committed 7360K, reserved 1048576K
}
Event: 17.968 GC heap after
{Heap after GC invocations=511 (full 3):
 PSYoungGen      total 4608K, used 576K [0x00000000d5580000, 0x00000000d5b00000, 0x0000000100000000)
  eden space 3584K, 0% used [0x00000000d5580000,0x00000000d5580000,0x00000000d5900000)
  from space 1024K, 56% used [0x00000000d5a00000,0x00000000d5a90000,0x00000000d5b00000)
  to   space 1024K, 0% used [0x00000000d5900000,0x00000000d5900000,0x00000000d5a00000)
 ParOldGen       total 356352K, used 356229K [0x0000000080000000, 0x0000000095c00000, 0x00000000d5580000)
  object space 356352K, 99% used [0x0000000080000000,0x0000000095be16b8,0x0000000095c00000)
 Metaspace       used 64318K, committed 65792K, reserved 1114112K
  class space    used 6652K, committed 7360K, reserved 1048576K
}
Event: 17.975 GC heap before
{Heap before GC invocations=512 (full 3):
 PSYoungGen      total 4608K, used 4160K [0x00000000d5580000, 0x00000000d5b00000, 0x0000000100000000)
  eden space 3584K, 100% used [0x00000000d5580000,0x00000000d5900000,0x00000000d5900000)
  from space 1024K, 56% used [0x00000000d5a00000,0x00000000d5a90000,0x00000000d5b00000)
  to   space 1024K, 0% used [0x00000000d5900000,0x00000000d5900000,0x00000000d5a00000)
 ParOldGen       total 356352K, used 356229K [0x0000000080000000, 0x0000000095c00000, 0x00000000d5580000)
  object space 356352K, 99% used [0x0000000080000000,0x0000000095be16b8,0x0000000095c00000)
 Metaspace       used 64326K, committed 65792K, reserved 1114112K
  class space    used 6652K, committed 7360K, reserved 1048576K
}
Event: 17.976 GC heap after
{Heap after GC invocations=512 (full 3):
 PSYoungGen      total 4608K, used 659K [0x00000000d5580000, 0x00000000d5b00000, 0x0000000100000000)
  eden space 3584K, 0% used [0x00000000d5580000,0x00000000d5580000,0x00000000d5900000)
  from space 1024K, 64% used [0x00000000d5900000,0x00000000d59a4d98,0x00000000d5a00000)
  to   space 1024K, 0% used [0x00000000d5a00000,0x00000000d5a00000,0x00000000d5b00000)
 ParOldGen       total 356864K, used 356694K [0x0000000080000000, 0x0000000095c80000, 0x00000000d5580000)
  object space 356864K, 99% used [0x0000000080000000,0x0000000095c55b88,0x0000000095c80000)
 Metaspace       used 64326K, committed 65792K, reserved 1114112K
  class space    used 6652K, committed 7360K, reserved 1048576K
}
Event: 17.984 GC heap before
{Heap before GC invocations=513 (full 3):
 PSYoungGen      total 4608K, used 4243K [0x00000000d5580000, 0x00000000d5b00000, 0x0000000100000000)
  eden space 3584K, 100% used [0x00000000d5580000,0x00000000d5900000,0x00000000d5900000)
  from space 1024K, 64% used [0x00000000d5900000,0x00000000d59a4d98,0x00000000d5a00000)
  to   space 1024K, 0% used [0x00000000d5a00000,0x00000000d5a00000,0x00000000d5b00000)
 ParOldGen       total 356864K, used 356694K [0x0000000080000000, 0x0000000095c80000, 0x00000000d5580000)
  object space 356864K, 99% used [0x0000000080000000,0x0000000095c55b88,0x0000000095c80000)
 Metaspace       used 64337K, committed 65856K, reserved 1114112K
  class space    used 6652K, committed 7360K, reserved 1048576K
}
Event: 17.986 GC heap after
{Heap after GC invocations=513 (full 3):
 PSYoungGen      total 4608K, used 778K [0x00000000d5580000, 0x00000000d5b00000, 0x0000000100000000)
  eden space 3584K, 0% used [0x00000000d5580000,0x00000000d5580000,0x00000000d5900000)
  from space 1024K, 76% used [0x00000000d5a00000,0x00000000d5ac2a00,0x00000000d5b00000)
  to   space 1024K, 0% used [0x00000000d5900000,0x00000000d5900000,0x00000000d5a00000)
 ParOldGen       total 357376K, used 357236K [0x0000000080000000, 0x0000000095d00000, 0x00000000d5580000)
  object space 357376K, 99% used [0x0000000080000000,0x0000000095cdd220,0x0000000095d00000)
 Metaspace       used 64337K, committed 65856K, reserved 1114112K
  class space    used 6652K, committed 7360K, reserved 1048576K
}
Event: 17.997 GC heap before
{Heap before GC invocations=514 (full 3):
 PSYoungGen      total 4608K, used 4362K [0x00000000d5580000, 0x00000000d5b00000, 0x0000000100000000)
  eden space 3584K, 100% used [0x00000000d5580000,0x00000000d5900000,0x00000000d5900000)
  from space 1024K, 76% used [0x00000000d5a00000,0x00000000d5ac2a00,0x00000000d5b00000)
  to   space 1024K, 0% used [0x00000000d5900000,0x00000000d5900000,0x00000000d5a00000)
 ParOldGen       total 357376K, used 357236K [0x0000000080000000, 0x0000000095d00000, 0x00000000d5580000)
  object space 357376K, 99% used [0x0000000080000000,0x0000000095cdd220,0x0000000095d00000)
 Metaspace       used 64360K, committed 65856K, reserved 1114112K
  class space    used 6652K, committed 7360K, reserved 1048576K
}
Event: 17.998 GC heap after
{Heap after GC invocations=514 (full 3):
 PSYoungGen      total 4608K, used 832K [0x00000000d5580000, 0x00000000d5b00000, 0x0000000100000000)
  eden space 3584K, 0% used [0x00000000d5580000,0x00000000d5580000,0x00000000d5900000)
  from space 1024K, 81% used [0x00000000d5900000,0x00000000d59d0000,0x00000000d5a00000)
  to   space 1024K, 0% used [0x00000000d5a00000,0x00000000d5a00000,0x00000000d5b00000)
 ParOldGen       total 358400K, used 357925K [0x0000000080000000, 0x0000000095e00000, 0x00000000d5580000)
  object space 358400K, 99% used [0x0000000080000000,0x0000000095d897a0,0x0000000095e00000)
 Metaspace       used 64360K, committed 65856K, reserved 1114112K
  class space    used 6652K, committed 7360K, reserved 1048576K
}
Event: 18.007 GC heap before
{Heap before GC invocations=515 (full 3):
 PSYoungGen      total 4608K, used 4416K [0x00000000d5580000, 0x00000000d5b00000, 0x0000000100000000)
  eden space 3584K, 100% used [0x00000000d5580000,0x00000000d5900000,0x00000000d5900000)
  from space 1024K, 81% used [0x00000000d5900000,0x00000000d59d0000,0x00000000d5a00000)
  to   space 1024K, 0% used [0x00000000d5a00000,0x00000000d5a00000,0x00000000d5b00000)
 ParOldGen       total 358400K, used 357925K [0x0000000080000000, 0x0000000095e00000, 0x00000000d5580000)
  object space 358400K, 99% used [0x0000000080000000,0x0000000095d897a0,0x0000000095e00000)
 Metaspace       used 64364K, committed 65856K, reserved 1114112K
  class space    used 6652K, committed 7360K, reserved 1048576K
}
Event: 18.009 GC heap after
{Heap after GC invocations=515 (full 3):
 PSYoungGen      total 4608K, used 608K [0x00000000d5580000, 0x00000000d5b00000, 0x0000000100000000)
  eden space 3584K, 0% used [0x00000000d5580000,0x00000000d5580000,0x00000000d5900000)
  from space 1024K, 59% used [0x00000000d5a00000,0x00000000d5a98000,0x00000000d5b00000)
  to   space 1024K, 0% used [0x00000000d5900000,0x00000000d5900000,0x00000000d5a00000)
 ParOldGen       total 358912K, used 358644K [0x0000000080000000, 0x0000000095e80000, 0x00000000d5580000)
  object space 358912K, 99% used [0x0000000080000000,0x0000000095e3d1d0,0x0000000095e80000)
 Metaspace       used 64364K, committed 65856K, reserved 1114112K
  class space    used 6652K, committed 7360K, reserved 1048576K
}
Event: 18.018 GC heap before
{Heap before GC invocations=516 (full 3):
 PSYoungGen      total 4608K, used 4192K [0x00000000d5580000, 0x00000000d5b00000, 0x0000000100000000)
  eden space 3584K, 100% used [0x00000000d5580000,0x00000000d5900000,0x00000000d5900000)
  from space 1024K, 59% used [0x00000000d5a00000,0x00000000d5a98000,0x00000000d5b00000)
  to   space 1024K, 0% used [0x00000000d5900000,0x00000000d5900000,0x00000000d5a00000)
 ParOldGen       total 358912K, used 358644K [0x0000000080000000, 0x0000000095e80000, 0x00000000d5580000)
  object space 358912K, 99% used [0x0000000080000000,0x0000000095e3d1d0,0x0000000095e80000)
 Metaspace       used 64365K, committed 65856K, reserved 1114112K
  class space    used 6652K, committed 7360K, reserved 1048576K
}
Event: 18.026 GC heap after
{Heap after GC invocations=516 (full 3):
 PSYoungGen      total 4608K, used 861K [0x00000000d5580000, 0x00000000d5b00000, 0x0000000100000000)
  eden space 3584K, 0% used [0x00000000d5580000,0x00000000d5580000,0x00000000d5900000)
  from space 1024K, 84% used [0x00000000d5900000,0x00000000d59d7520,0x00000000d5a00000)
  to   space 1024K, 0% used [0x00000000d5a00000,0x00000000d5a00000,0x00000000d5b00000)
 ParOldGen       total 359424K, used 359090K [0x0000000080000000, 0x0000000095f00000, 0x00000000d5580000)
  object space 359424K, 99% used [0x0000000080000000,0x0000000095eacad0,0x0000000095f00000)
 Metaspace       used 64365K, committed 65856K, reserved 1114112K
  class space    used 6652K, committed 7360K, reserved 1048576K
}
Event: 18.036 GC heap before
{Heap before GC invocations=517 (full 3):
 PSYoungGen      total 4608K, used 4445K [0x00000000d5580000, 0x00000000d5b00000, 0x0000000100000000)
  eden space 3584K, 100% used [0x00000000d5580000,0x00000000d5900000,0x00000000d5900000)
  from space 1024K, 84% used [0x00000000d5900000,0x00000000d59d7520,0x00000000d5a00000)
  to   space 1024K, 0% used [0x00000000d5a00000,0x00000000d5a00000,0x00000000d5b00000)
 ParOldGen       total 359424K, used 359090K [0x0000000080000000, 0x0000000095f00000, 0x00000000d5580000)
  object space 359424K, 99% used [0x0000000080000000,0x0000000095eacad0,0x0000000095f00000)
 Metaspace       used 64383K, committed 65856K, reserved 1114112K
  class space    used 6652K, committed 7360K, reserved 1048576K
}
Event: 18.038 GC heap after
{Heap after GC invocations=517 (full 3):
 PSYoungGen      total 4608K, used 704K [0x00000000d5580000, 0x00000000d5c00000, 0x0000000100000000)
  eden space 3584K, 0% used [0x00000000d5580000,0x00000000d5580000,0x00000000d5900000)
  from space 1024K, 68% used [0x00000000d5a00000,0x00000000d5ab0000,0x00000000d5b00000)
  to   space 1024K, 0% used [0x00000000d5900000,0x00000000d5900000,0x00000000d5a00000)
 ParOldGen       total 359936K, used 359646K [0x0000000080000000, 0x0000000095f80000, 0x00000000d5580000)
  object space 359936K, 99% used [0x0000000080000000,0x0000000095f379c8,0x0000000095f80000)
 Metaspace       used 64383K, committed 65856K, reserved 1114112K
  class space    used 6652K, committed 7360K, reserved 1048576K
}
Event: 18.052 GC heap before
{Heap before GC invocations=518 (full 3):
 PSYoungGen      total 4608K, used 4288K [0x00000000d5580000, 0x00000000d5c00000, 0x0000000100000000)
  eden space 3584K, 100% used [0x00000000d5580000,0x00000000d5900000,0x00000000d5900000)
  from space 1024K, 68% used [0x00000000d5a00000,0x00000000d5ab0000,0x00000000d5b00000)
  to   space 1024K, 0% used [0x00000000d5900000,0x00000000d5900000,0x00000000d5a00000)
 ParOldGen       total 359936K, used 359646K [0x0000000080000000, 0x0000000095f80000, 0x00000000d5580000)
  object space 359936K, 99% used [0x0000000080000000,0x0000000095f379c8,0x0000000095f80000)
 Metaspace       used 64405K, committed 65920K, reserved 1114112K
  class space    used 6652K, committed 7360K, reserved 1048576K
}
Event: 18.054 GC heap after
{Heap after GC invocations=518 (full 3):
 PSYoungGen      total 4608K, used 512K [0x00000000d5580000, 0x00000000d5b00000, 0x0000000100000000)
  eden space 3584K, 0% used [0x00000000d5580000,0x00000000d5580000,0x00000000d5900000)
  from space 1024K, 50% used [0x00000000d5900000,0x00000000d5980000,0x00000000d5a00000)
  to   space 1024K, 0% used [0x00000000d5a00000,0x00000000d5a00000,0x00000000d5b00000)
 ParOldGen       total 360448K, used 360195K [0x0000000080000000, 0x0000000096000000, 0x00000000d5580000)
  object space 360448K, 99% used [0x0000000080000000,0x0000000095fc0ef0,0x0000000096000000)
 Metaspace       used 64405K, committed 65920K, reserved 1114112K
  class space    used 6652K, committed 7360K, reserved 1048576K
}
Event: 18.068 GC heap before
{Heap before GC invocations=519 (full 3):
 PSYoungGen      total 4608K, used 4096K [0x00000000d5580000, 0x00000000d5b00000, 0x0000000100000000)
  eden space 3584K, 100% used [0x00000000d5580000,0x00000000d5900000,0x00000000d5900000)
  from space 1024K, 50% used [0x00000000d5900000,0x00000000d5980000,0x00000000d5a00000)
  to   space 1024K, 0% used [0x00000000d5a00000,0x00000000d5a00000,0x00000000d5b00000)
 ParOldGen       total 360448K, used 360195K [0x0000000080000000, 0x0000000096000000, 0x00000000d5580000)
  object space 360448K, 99% used [0x0000000080000000,0x0000000095fc0ef0,0x0000000096000000)
 Metaspace       used 64409K, committed 65920K, reserved 1114112K
  class space    used 6652K, committed 7360K, reserved 1048576K
}
Event: 18.070 GC heap after
{Heap after GC invocations=519 (full 3):
 PSYoungGen      total 4608K, used 576K [0x00000000d5580000, 0x00000000d5b00000, 0x0000000100000000)
  eden space 3584K, 0% used [0x00000000d5580000,0x00000000d5580000,0x00000000d5900000)
  from space 1024K, 56% used [0x00000000d5a00000,0x00000000d5a90000,0x00000000d5b00000)
  to   space 1024K, 0% used [0x00000000d5900000,0x00000000d5900000,0x00000000d5a00000)
 ParOldGen       total 360960K, used 360580K [0x0000000080000000, 0x0000000096080000, 0x00000000d5580000)
  object space 360960K, 99% used [0x0000000080000000,0x00000000960212d0,0x0000000096080000)
 Metaspace       used 64409K, committed 65920K, reserved 1114112K
  class space    used 6652K, committed 7360K, reserved 1048576K
}

