# JRE version: OpenJDK Runtime Environment Temurin-21.0.10+7 (21.0.10+7) (build 21.0.10+7-LTS)
# Java VM: OpenJDK 64-Bit Server VM Temurin-21.0.10+7 (21.0.10+7-LTS, mixed mode, sharing, tiered, compressed oops, compressed class ptrs, parallel gc, windows-amd64)
GC Precious Log:
 CardTable entry size: 512
 CPUs: 12 total, 12 available
 Memory: 16163M
 Large Page Support: Disabled
 NUMA Support: Disabled
 Compressed Oops: Enabled (32-bit)
 Alignments: Space 512K, Generation 512K, Heap 2M
 Heap Min Capacity: 100M
 Heap Initial Capacity: 100M
 Heap Max Capacity: 2G
 Pre-touch: Disabled
 Parallel Workers: 10
Heap:
 PSYoungGen      total 4096K, used 4000K [0x00000000d5580000, 0x00000000d5a80000, 0x0000000100000000)
  eden space 3072K, 100% used [0x00000000d5580000,0x00000000d5880000,0x00000000d5880000)
  from space 1024K, 90% used [0x00000000d5980000,0x00000000d5a68000,0x00000000d5a80000)
  to   space 1024K, 56% used [0x00000000d5880000,0x00000000d5910000,0x00000000d5980000)
 ParOldGen       total 312832K, used 312740K [0x0000000080000000, 0x0000000093180000, 0x00000000d5580000)
  object space 312832K, 99% used [0x0000000080000000,0x00000000931692b8,0x0000000093180000)
 Metaspace       used 65151K, committed 66688K, reserved 1114112K
  class space    used 6660K, committed 7360K, reserved 1048576K
GC Heap History (20 events):
Event: 21.464 GC heap before
{Heap before GC invocations=369 (full 3):
 PSYoungGen      total 3584K, used 3584K [0x00000000d5580000, 0x00000000d5a80000, 0x0000000100000000)
  eden space 3072K, 100% used [0x00000000d5580000,0x00000000d5880000,0x00000000d5880000)
  from space 512K, 100% used [0x00000000d5900000,0x00000000d5980000,0x00000000d5980000)
  to   space 1024K, 0% used [0x00000000d5980000,0x00000000d5980000,0x00000000d5a80000)
 ParOldGen       total 307712K, used 307704K [0x0000000080000000, 0x0000000092c80000, 0x00000000d5580000)
  object space 307712K, 99% used [0x0000000080000000,0x0000000092c7e328,0x0000000092c80000)
 Metaspace       used 65147K, committed 66688K, reserved 1114112K
  class space    used 6660K, committed 7360K, reserved 1048576K
}
Event: 21.465 GC heap after
{Heap after GC invocations=369 (full 3):
 PSYoungGen      total 4096K, used 530K [0x00000000d5580000, 0x00000000d5a80000, 0x0000000100000000)
  eden space 3072K, 0% used [0x00000000d5580000,0x00000000d5580000,0x00000000d5880000)
  from space 1024K, 51% used [0x00000000d5980000,0x00000000d5a048e8,0x00000000d5a80000)
  to   space 1024K, 0% used [0x00000000d5880000,0x00000000d5880000,0x00000000d5980000)
 ParOldGen       total 308224K, used 308041K [0x0000000080000000, 0x0000000092d00000, 0x00000000d5580000)
  object space 308224K, 99% used [0x0000000080000000,0x0000000092cd25c0,0x0000000092d00000)
 Metaspace       used 65147K, committed 66688K, reserved 1114112K
  class space    used 6660K, committed 7360K, reserved 1048576K
}
Event: 21.479 GC heap before
{Heap before GC invocations=370 (full 3):
 PSYoungGen      total 4096K, used 3602K [0x00000000d5580000, 0x00000000d5a80000, 0x0000000100000000)
  eden space 3072K, 100% used [0x00000000d5580000,0x00000000d5880000,0x00000000d5880000)
  from space 1024K, 51% used [0x00000000d5980000,0x00000000d5a048e8,0x00000000d5a80000)
  to   space 1024K, 0% used [0x00000000d5880000,0x00000000d5880000,0x00000000d5980000)
 ParOldGen       total 308224K, used 308041K [0x0000000080000000, 0x0000000092d00000, 0x00000000d5580000)
  object space 308224K, 99% used [0x0000000080000000,0x0000000092cd25c0,0x0000000092d00000)
 Metaspace       used 65149K, committed 66688K, reserved 1114112K
  class space    used 6660K, committed 7360K, reserved 1048576K
}
Event: 21.481 GC heap after
{Heap after GC invocations=370 (full 3):
 PSYoungGen      total 4096K, used 416K [0x00000000d5580000, 0x00000000d5a00000, 0x0000000100000000)
  eden space 3072K, 0% used [0x00000000d5580000,0x00000000d5580000,0x00000000d5880000)
  from space 1024K, 40% used [0x00000000d5880000,0x00000000d58e8000,0x00000000d5980000)
  to   space 512K, 0% used [0x00000000d5980000,0x00000000d5980000,0x00000000d5a00000)
 ParOldGen       total 308736K, used 308426K [0x0000000080000000, 0x0000000092d80000, 0x00000000d5580000)
  object space 308736K, 99% used [0x0000000080000000,0x0000000092d32ad0,0x0000000092d80000)
 Metaspace       used 65149K, committed 66688K, reserved 1114112K
  class space    used 6660K, committed 7360K, reserved 1048576K
}
Event: 21.497 GC heap before
{Heap before GC invocations=371 (full 3):
 PSYoungGen      total 4096K, used 3488K [0x00000000d5580000, 0x00000000d5a00000, 0x0000000100000000)
  eden space 3072K, 100% used [0x00000000d5580000,0x00000000d5880000,0x00000000d5880000)
  from space 1024K, 40% used [0x00000000d5880000,0x00000000d58e8000,0x00000000d5980000)
  to   space 512K, 0% used [0x00000000d5980000,0x00000000d5980000,0x00000000d5a00000)
 ParOldGen       total 308736K, used 308426K [0x0000000080000000, 0x0000000092d80000, 0x00000000d5580000)
  object space 308736K, 99% used [0x0000000080000000,0x0000000092d32ad0,0x0000000092d80000)
 Metaspace       used 65149K, committed 66688K, reserved 1114112K
  class space    used 6660K, committed 7360K, reserved 1048576K
}
Event: 21.498 GC heap after
{Heap after GC invocations=371 (full 3):
 PSYoungGen      total 3584K, used 480K [0x00000000d5580000, 0x00000000d5a00000, 0x0000000100000000)
  eden space 3072K, 0% used [0x00000000d5580000,0x00000000d5580000,0x00000000d5880000)
  from space 512K, 93% used [0x00000000d5980000,0x00000000d59f8000,0x00000000d5a00000)
  to   space 512K, 0% used [0x00000000d5900000,0x00000000d5900000,0x00000000d5980000)
 ParOldGen       total 308736K, used 308726K [0x0000000080000000, 0x0000000092d80000, 0x00000000d5580000)
  object space 308736K, 99% used [0x0000000080000000,0x0000000092d7daf8,0x0000000092d80000)
 Metaspace       used 65149K, committed 66688K, reserved 1114112K
  class space    used 6660K, committed 7360K, reserved 1048576K
}
Event: 21.505 GC heap before
{Heap before GC invocations=372 (full 3):
 PSYoungGen      total 3584K, used 3492K [0x00000000d5580000, 0x00000000d5a00000, 0x0000000100000000)
  eden space 3072K, 98% used [0x00000000d5580000,0x00000000d5871398,0x00000000d5880000)
  from space 512K, 93% used [0x00000000d5980000,0x00000000d59f8000,0x00000000d5a00000)
  to   space 512K, 0% used [0x00000000d5900000,0x00000000d5900000,0x00000000d5980000)
 ParOldGen       total 308736K, used 308726K [0x0000000080000000, 0x0000000092d80000, 0x00000000d5580000)
  object space 308736K, 99% used [0x0000000080000000,0x0000000092d7daf8,0x0000000092d80000)
 Metaspace       used 65149K, committed 66688K, reserved 1114112K
  class space    used 6660K, committed 7360K, reserved 1048576K
}
Event: 21.506 GC heap after
{Heap after GC invocations=372 (full 3):
 PSYoungGen      total 3584K, used 504K [0x00000000d5580000, 0x00000000d5a80000, 0x0000000100000000)
  eden space 3072K, 0% used [0x00000000d5580000,0x00000000d5580000,0x00000000d5880000)
  from space 512K, 98% used [0x00000000d5900000,0x00000000d597e008,0x00000000d5980000)
  to   space 1024K, 0% used [0x00000000d5980000,0x00000000d5980000,0x00000000d5a80000)
 ParOldGen       total 309248K, used 309114K [0x0000000080000000, 0x0000000092e00000, 0x00000000d5580000)
  object space 309248K, 99% used [0x0000000080000000,0x0000000092ddebb0,0x0000000092e00000)
 Metaspace       used 65149K, committed 66688K, reserved 1114112K
  class space    used 6660K, committed 7360K, reserved 1048576K
}
Event: 21.529 GC heap before
{Heap before GC invocations=373 (full 3):
 PSYoungGen      total 3584K, used 3571K [0x00000000d5580000, 0x00000000d5a80000, 0x0000000100000000)
  eden space 3072K, 99% used [0x00000000d5580000,0x00000000d587edd0,0x00000000d5880000)
  from space 512K, 98% used [0x00000000d5900000,0x00000000d597e008,0x00000000d5980000)
  to   space 1024K, 0% used [0x00000000d5980000,0x00000000d5980000,0x00000000d5a80000)
 ParOldGen       total 309248K, used 309114K [0x0000000080000000, 0x0000000092e00000, 0x00000000d5580000)
  object space 309248K, 99% used [0x0000000080000000,0x0000000092ddebb0,0x0000000092e00000)
 Metaspace       used 65149K, committed 66688K, reserved 1114112K
  class space    used 6660K, committed 7360K, reserved 1048576K
}
Event: 21.532 GC heap after
{Heap after GC invocations=373 (full 3):
 PSYoungGen      total 4096K, used 582K [0x00000000d5580000, 0x00000000d5a80000, 0x0000000100000000)
  eden space 3072K, 0% used [0x00000000d5580000,0x00000000d5580000,0x00000000d5880000)
  from space 1024K, 56% used [0x00000000d5980000,0x00000000d5a11a28,0x00000000d5a80000)
  to   space 1024K, 0% used [0x00000000d5880000,0x00000000d5880000,0x00000000d5980000)
 ParOldGen       total 309760K, used 309642K [0x0000000080000000, 0x0000000092e80000, 0x00000000d5580000)
  object space 309760K, 99% used [0x0000000080000000,0x0000000092e62bf0,0x0000000092e80000)
 Metaspace       used 65149K, committed 66688K, reserved 1114112K
  class space    used 6660K, committed 7360K, reserved 1048576K
}
Event: 21.542 GC heap before
{Heap before GC invocations=374 (full 3):
 PSYoungGen      total 4096K, used 3654K [0x00000000d5580000, 0x00000000d5a80000, 0x0000000100000000)
  eden space 3072K, 100% used [0x00000000d5580000,0x00000000d5880000,0x00000000d5880000)
  from space 1024K, 56% used [0x00000000d5980000,0x00000000d5a11a28,0x00000000d5a80000)
  to   space 1024K, 0% used [0x00000000d5880000,0x00000000d5880000,0x00000000d5980000)
 ParOldGen       total 309760K, used 309642K [0x0000000080000000, 0x0000000092e80000, 0x00000000d5580000)
  object space 309760K, 99% used [0x0000000080000000,0x0000000092e62bf0,0x0000000092e80000)
 Metaspace       used 65149K, committed 66688K, reserved 1114112K
  class space    used 6660K, committed 7360K, reserved 1048576K
}
Event: 21.543 GC heap after
{Heap after GC invocations=374 (full 3):
 PSYoungGen      total 4096K, used 544K [0x00000000d5580000, 0x00000000d5a80000, 0x0000000100000000)
  eden space 3072K, 0% used [0x00000000d5580000,0x00000000d5580000,0x00000000d5880000)
  from space 1024K, 53% used [0x00000000d5880000,0x00000000d5908000,0x00000000d5980000)
  to   space 1024K, 0% used [0x00000000d5980000,0x00000000d5980000,0x00000000d5a80000)
 ParOldGen       total 310272K, used 310109K [0x0000000080000000, 0x0000000092f00000, 0x00000000d5580000)
  object space 310272K, 99% used [0x0000000080000000,0x0000000092ed7590,0x0000000092f00000)
 Metaspace       used 65149K, committed 66688K, reserved 1114112K
  class space    used 6660K, committed 7360K, reserved 1048576K
}
Event: 21.551 GC heap before
{Heap before GC invocations=375 (full 3):
 PSYoungGen      total 4096K, used 3613K [0x00000000d5580000, 0x00000000d5a80000, 0x0000000100000000)
  eden space 3072K, 99% used [0x00000000d5580000,0x00000000d587f4d0,0x00000000d5880000)
  from space 1024K, 53% used [0x00000000d5880000,0x00000000d5908000,0x00000000d5980000)
  to   space 1024K, 0% used [0x00000000d5980000,0x00000000d5980000,0x00000000d5a80000)
 ParOldGen       total 310272K, used 310109K [0x0000000080000000, 0x0000000092f00000, 0x00000000d5580000)
  object space 310272K, 99% used [0x0000000080000000,0x0000000092ed7590,0x0000000092f00000)
 Metaspace       used 65149K, committed 66688K, reserved 1114112K
  class space    used 6660K, committed 7360K, reserved 1048576K
}
Event: 21.553 GC heap after
{Heap after GC invocations=375 (full 3):
 PSYoungGen      total 4096K, used 544K [0x00000000d5580000, 0x00000000d5a80000, 0x0000000100000000)
  eden space 3072K, 0% used [0x00000000d5580000,0x00000000d5580000,0x00000000d5880000)
  from space 1024K, 53% used [0x00000000d5980000,0x00000000d5a08000,0x00000000d5a80000)
  to   space 1024K, 0% used [0x00000000d5880000,0x00000000d5880000,0x00000000d5980000)
 ParOldGen       total 310784K, used 310525K [0x0000000080000000, 0x0000000092f80000, 0x00000000d5580000)
  object space 310784K, 99% used [0x0000000080000000,0x0000000092f3f590,0x0000000092f80000)
 Metaspace       used 65149K, committed 66688K, reserved 1114112K
  class space    used 6660K, committed 7360K, reserved 1048576K
}
Event: 21.571 GC heap before
{Heap before GC invocations=376 (full 3):
 PSYoungGen      total 4096K, used 3616K [0x00000000d5580000, 0x00000000d5a80000, 0x0000000100000000)
  eden space 3072K, 100% used [0x00000000d5580000,0x00000000d5880000,0x00000000d5880000)
  from space 1024K, 53% used [0x00000000d5980000,0x00000000d5a08000,0x00000000d5a80000)
  to   space 1024K, 0% used [0x00000000d5880000,0x00000000d5880000,0x00000000d5980000)
 ParOldGen       total 310784K, used 310525K [0x0000000080000000, 0x0000000092f80000, 0x00000000d5580000)
  object space 310784K, 99% used [0x0000000080000000,0x0000000092f3f590,0x0000000092f80000)
 Metaspace       used 65149K, committed 66688K, reserved 1114112K
  class space    used 6660K, committed 7360K, reserved 1048576K
}
Event: 21.573 GC heap after
{Heap after GC invocations=376 (full 3):
 PSYoungGen      total 4096K, used 512K [0x00000000d5580000, 0x00000000d5a80000, 0x0000000100000000)
  eden space 3072K, 0% used [0x00000000d5580000,0x00000000d5580000,0x00000000d5880000)
  from space 1024K, 50% used [0x00000000d5880000,0x00000000d5900000,0x00000000d5980000)
  to   space 1024K, 0% used [0x00000000d5980000,0x00000000d5980000,0x00000000d5a80000)
 ParOldGen       total 311296K, used 310936K [0x0000000080000000, 0x0000000093000000, 0x00000000d5580000)
  object space 311296K, 99% used [0x0000000080000000,0x0000000092fa61a0,0x0000000093000000)
 Metaspace       used 65149K, committed 66688K, reserved 1114112K
  class space    used 6660K, committed 7360K, reserved 1048576K
}
Event: 21.594 GC heap before
{Heap before GC invocations=377 (full 3):
 PSYoungGen      total 4096K, used 3584K [0x00000000d5580000, 0x00000000d5a80000, 0x0000000100000000)
  eden space 3072K, 100% used [0x00000000d5580000,0x00000000d5880000,0x00000000d5880000)
  from space 1024K, 50% used [0x00000000d5880000,0x00000000d5900000,0x00000000d5980000)
  to   space 1024K, 0% used [0x00000000d5980000,0x00000000d5980000,0x00000000d5a80000)
 ParOldGen       total 311296K, used 310936K [0x0000000080000000, 0x0000000093000000, 0x00000000d5580000)
  object space 311296K, 99% used [0x0000000080000000,0x0000000092fa61a0,0x0000000093000000)
 Metaspace       used 65149K, committed 66688K, reserved 1114112K
  class space    used 6660K, committed 7360K, reserved 1048576K
}
Event: 21.596 GC heap after
{Heap after GC invocations=377 (full 3):
 PSYoungGen      total 4096K, used 512K [0x00000000d5580000, 0x00000000d5a80000, 0x0000000100000000)
  eden space 3072K, 0% used [0x00000000d5580000,0x00000000d5580000,0x00000000d5880000)
  from space 1024K, 50% used [0x00000000d5980000,0x00000000d5a00000,0x00000000d5a80000)
  to   space 1024K, 0% used [0x00000000d5880000,0x00000000d5880000,0x00000000d5980000)
 ParOldGen       total 311808K, used 311335K [0x0000000080000000, 0x0000000093080000, 0x00000000d5580000)
  object space 311808K, 99% used [0x0000000080000000,0x0000000093009dc0,0x0000000093080000)
 Metaspace       used 65149K, committed 66688K, reserved 1114112K
  class space    used 6660K, committed 7360K, reserved 1048576K
}
Event: 21.612 GC heap before
{Heap before GC invocations=378 (full 3):
 PSYoungGen      total 4096K, used 3584K [0x00000000d5580000, 0x00000000d5a80000, 0x0000000100000000)
  eden space 3072K, 100% used [0x00000000d5580000,0x00000000d5880000,0x00000000d5880000)
  from space 1024K, 50% used [0x00000000d5980000,0x00000000d5a00000,0x00000000d5a80000)
  to   space 1024K, 0% used [0x00000000d5880000,0x00000000d5880000,0x00000000d5980000)
 ParOldGen       total 311808K, used 311335K [0x0000000080000000, 0x0000000093080000, 0x00000000d5580000)
  object space 311808K, 99% used [0x0000000080000000,0x0000000093009dc0,0x0000000093080000)
 Metaspace       used 65149K, committed 66688K, reserved 1114112K
  class space    used 6660K, committed 7360K, reserved 1048576K
}
Event: 21.614 GC heap after
{Heap after GC invocations=378 (full 3):
 PSYoungGen      total 4096K, used 640K [0x00000000d5580000, 0x00000000d5a80000, 0x0000000100000000)
  eden space 3072K, 0% used [0x00000000d5580000,0x00000000d5580000,0x00000000d5880000)
  from space 1024K, 62% used [0x00000000d5880000,0x00000000d5920000,0x00000000d5980000)
  to   space 1024K, 0% used [0x00000000d5980000,0x00000000d5980000,0x00000000d5a80000)
 ParOldGen       total 311808K, used 311731K [0x0000000080000000, 0x0000000093080000, 0x00000000d5580000)
  object space 311808K, 99% used [0x0000000080000000,0x000000009306ccb8,0x0000000093080000)
 Metaspace       used 65149K, committed 66688K, reserved 1114112K
  class space    used 6660K, committed 7360K, reserved 1048576K
}

