# JRE version: Java(TM) SE Runtime Environment (21.0.7+8) (build 21.0.7+8-LTS-245)
# Java VM: Java HotSpot(TM) 64-Bit Server VM (21.0.7+8-LTS-245, mixed mode, emulated-client, sharing, tiered, compressed oops, compressed class ptrs, g1 gc, windows-amd64)
GC Precious Log:
 CardTable entry size: 512
 Card Set container configuration: InlinePtr #cards 4 size 8 Array Of Cards #cards 16 size 48 Howl #buckets 8 coarsen threshold 3686 Howl Bitmap #cards 512 size 80 coarsen threshold 460 Card regions per heap region 1 cards per card region 4096
 CPUs: 12 total, 12 available
 Memory: 16163M
 Large Page Support: Disabled
 NUMA Support: Disabled
 Compressed Oops: Enabled (Zero based)
 Heap Region Size: 2M
 Heap Min Capacity: 8M
 Heap Initial Capacity: 254M
 Heap Max Capacity: 4042M
 Pre-touch: Disabled
 Parallel Workers: 10
 Concurrent Workers: 3
 Concurrent Refinement Workers: 10
 Periodic GC: Disabled
Heap:
 garbage-first heap   total 61440K, used 24357K [0x0000000703600000, 0x0000000800000000)
  region size 2048K, 2 young (4096K), 2 survivors (4096K)
 Metaspace       used 38748K, committed 39424K, reserved 1114112K
  class space    used 5424K, committed 5696K, reserved 1048576K
GC Heap History (15 events):
Event: 0.716 GC heap before
{Heap before GC invocations=0 (full 0):
 garbage-first heap   total 260096K, used 20480K [0x0000000703600000, 0x0000000800000000)
  region size 2048K, 11 young (22528K), 0 survivors (0K)
 Metaspace       used 4457K, committed 4672K, reserved 1114112K
  class space    used 512K, committed 640K, reserved 1048576K
}
Event: 0.721 GC heap after
{Heap after GC invocations=1 (full 0):
 garbage-first heap   total 260096K, used 9017K [0x0000000703600000, 0x0000000800000000)
  region size 2048K, 2 young (4096K), 2 survivors (4096K)
 Metaspace       used 4457K, committed 4672K, reserved 1114112K
  class space    used 512K, committed 640K, reserved 1048576K
}
Event: 1.321 GC heap before
{Heap before GC invocations=1 (full 0):
 garbage-first heap   total 260096K, used 31545K [0x0000000703600000, 0x0000000800000000)
  region size 2048K, 13 young (26624K), 2 survivors (4096K)
 Metaspace       used 10630K, committed 11008K, reserved 1114112K
  class space    used 1395K, committed 1536K, reserved 1048576K
}
Event: 1.326 GC heap after
{Heap after GC invocations=2 (full 0):
 garbage-first heap   total 260096K, used 11298K [0x0000000703600000, 0x0000000800000000)
  region size 2048K, 1 young (2048K), 1 survivors (2048K)
 Metaspace       used 10630K, committed 11008K, reserved 1114112K
  class space    used 1395K, committed 1536K, reserved 1048576K
}
Event: 2.833 GC heap before
{Heap before GC invocations=2 (full 0):
 garbage-first heap   total 260096K, used 48162K [0x0000000703600000, 0x0000000800000000)
  region size 2048K, 21 young (43008K), 1 survivors (2048K)
 Metaspace       used 19217K, committed 19648K, reserved 1114112K
  class space    used 2529K, committed 2688K, reserved 1048576K
}
Event: 2.839 GC heap after
{Heap after GC invocations=3 (full 0):
 garbage-first heap   total 260096K, used 14631K [0x0000000703600000, 0x0000000800000000)
  region size 2048K, 3 young (6144K), 3 survivors (6144K)
 Metaspace       used 19217K, committed 19648K, reserved 1114112K
  class space    used 2529K, committed 2688K, reserved 1048576K
}
Event: 3.388 GC heap before
{Heap before GC invocations=4 (full 0):
 garbage-first heap   total 61440K, used 43303K [0x0000000703600000, 0x0000000800000000)
  region size 2048K, 18 young (36864K), 3 survivors (6144K)
 Metaspace       used 21515K, committed 21952K, reserved 1114112K
  class space    used 2811K, committed 3008K, reserved 1048576K
}
Event: 3.397 GC heap after
{Heap after GC invocations=5 (full 0):
 garbage-first heap   total 61440K, used 17178K [0x0000000703600000, 0x0000000800000000)
  region size 2048K, 2 young (4096K), 2 survivors (4096K)
 Metaspace       used 21515K, committed 21952K, reserved 1114112K
  class space    used 2811K, committed 3008K, reserved 1048576K
}
Event: 4.086 GC heap before
{Heap before GC invocations=5 (full 0):
 garbage-first heap   total 61440K, used 41754K [0x0000000703600000, 0x0000000800000000)
  region size 2048K, 14 young (28672K), 2 survivors (4096K)
 Metaspace       used 25182K, committed 25536K, reserved 1114112K
  class space    used 3437K, committed 3584K, reserved 1048576K
}
Event: 4.092 GC heap after
{Heap after GC invocations=6 (full 0):
 garbage-first heap   total 61440K, used 19070K [0x0000000703600000, 0x0000000800000000)
  region size 2048K, 1 young (2048K), 1 survivors (2048K)
 Metaspace       used 25182K, committed 25536K, reserved 1114112K
  class space    used 3437K, committed 3584K, reserved 1048576K
}
Event: 4.766 GC heap before
{Heap before GC invocations=6 (full 0):
 garbage-first heap   total 61440K, used 45694K [0x0000000703600000, 0x0000000800000000)
  region size 2048K, 14 young (28672K), 1 survivors (2048K)
 Metaspace       used 28834K, committed 29440K, reserved 1114112K
  class space    used 4003K, committed 4288K, reserved 1048576K
}
Event: 4.775 GC heap after
{Heap after GC invocations=7 (full 0):
 garbage-first heap   total 61440K, used 21235K [0x0000000703600000, 0x0000000800000000)
  region size 2048K, 2 young (4096K), 2 survivors (4096K)
 Metaspace       used 28834K, committed 29440K, reserved 1114112K
  class space    used 4003K, committed 4288K, reserved 1048576K
}
Event: 5.465 GC heap before
{Heap before GC invocations=7 (full 0):
 garbage-first heap   total 61440K, used 43763K [0x0000000703600000, 0x0000000800000000)
  region size 2048K, 15 young (30720K), 2 survivors (4096K)
 Metaspace       used 32188K, committed 32768K, reserved 1114112K
  class space    used 4438K, committed 4736K, reserved 1048576K
}
Event: 5.469 GC heap after
{Heap after GC invocations=8 (full 0):
 garbage-first heap   total 61440K, used 23409K [0x0000000703600000, 0x0000000800000000)
  region size 2048K, 2 young (4096K), 2 survivors (4096K)
 Metaspace       used 32188K, committed 32768K, reserved 1114112K
  class space    used 4438K, committed 4736K, reserved 1048576K
}
Event: 7.163 GC heap before
{Heap before GC invocations=9 (full 0):
 garbage-first heap   total 61440K, used 47985K [0x0000000703600000, 0x0000000800000000)
  region size 2048K, 14 young (28672K), 2 survivors (4096K)
 Metaspace       used 38748K, committed 39424K, reserved 1114112K
  class space    used 5424K, committed 5696K, reserved 1048576K
}

