# JRE version: OpenJDK Runtime Environment Temurin-21.0.10+7 (21.0.10+7) (build 21.0.10+7-LTS)
# Java VM: OpenJDK 64-Bit Server VM Temurin-21.0.10+7 (21.0.10+7-LTS, mixed mode, sharing, tiered, compressed oops, compressed class ptrs, parallel gc, windows-amd64)
GC Precious Log:
 CardTable entry size: 512
 CPUs: 12 total, 12 available
 Memory: 16163M
 Large Page Support: Disabled
 NUMA Support: Disabled
 Compressed Oops: Enabled (32-bit)
 Alignments: Space 512K, Generation 512K, Heap 2M
 Heap Min Capacity: 100M
 Heap Initial Capacity: 100M
 Heap Max Capacity: 2G
 Pre-touch: Disabled
 Parallel Workers: 10
Heap:
 PSYoungGen      total 17920K, used 9755K [0x00000000d5580000, 0x00000000d6c80000, 0x0000000100000000)
  eden space 15360K, 46% used [0x00000000d5580000,0x00000000d5c8a468,0x00000000d6480000)
  from space 2560K, 99% used [0x00000000d6480000,0x00000000d66fca20,0x00000000d6700000)
  to   space 4096K, 0% used [0x00000000d6880000,0x00000000d6880000,0x00000000d6c80000)
 ParOldGen       total 89088K, used 88754K [0x0000000080000000, 0x0000000085700000, 0x00000000d5580000)
  object space 89088K, 99% used [0x0000000080000000,0x00000000856ac920,0x0000000085700000)
 Metaspace       used 49220K, committed 50560K, reserved 1114112K
  class space    used 5305K, committed 5888K, reserved 1048576K
GC Heap History (20 events):
Event: 15.032 GC heap before
{Heap before GC invocations=36 (full 2):
 PSYoungGen      total 19968K, used 19628K [0x00000000d5580000, 0x00000000d6d80000, 0x0000000100000000)
  eden space 17408K, 100% used [0x00000000d5580000,0x00000000d6680000,0x00000000d6680000)
  from space 2560K, 86% used [0x00000000d6800000,0x00000000d6a2b2a8,0x00000000d6a80000)
  to   space 3072K, 0% used [0x00000000d6a80000,0x00000000d6a80000,0x00000000d6d80000)
 ParOldGen       total 68608K, used 64544K [0x0000000080000000, 0x0000000084300000, 0x00000000d5580000)
  object space 68608K, 94% used [0x0000000080000000,0x0000000083f08040,0x0000000084300000)
 Metaspace       used 48192K, committed 49472K, reserved 1114112K
  class space    used 5216K, committed 5760K, reserved 1048576K
}
Event: 15.037 GC heap after
{Heap after GC invocations=36 (full 2):
 PSYoungGen      total 19968K, used 2527K [0x00000000d5580000, 0x00000000d6d00000, 0x0000000100000000)
  eden space 17408K, 0% used [0x00000000d5580000,0x00000000d5580000,0x00000000d6680000)
  from space 2560K, 98% used [0x00000000d6a80000,0x00000000d6cf7ed8,0x00000000d6d00000)
  to   space 3072K, 0% used [0x00000000d6700000,0x00000000d6700000,0x00000000d6a00000)
 ParOldGen       total 68608K, used 66541K [0x0000000080000000, 0x0000000084300000, 0x00000000d5580000)
  object space 68608K, 96% used [0x0000000080000000,0x00000000840fb558,0x0000000084300000)
 Metaspace       used 48192K, committed 49472K, reserved 1114112K
  class space    used 5216K, committed 5760K, reserved 1048576K
}
Event: 15.224 GC heap before
{Heap before GC invocations=37 (full 2):
 PSYoungGen      total 19968K, used 19935K [0x00000000d5580000, 0x00000000d6d00000, 0x0000000100000000)
  eden space 17408K, 100% used [0x00000000d5580000,0x00000000d6680000,0x00000000d6680000)
  from space 2560K, 98% used [0x00000000d6a80000,0x00000000d6cf7ed8,0x00000000d6d00000)
  to   space 3072K, 0% used [0x00000000d6700000,0x00000000d6700000,0x00000000d6a00000)
 ParOldGen       total 68608K, used 66541K [0x0000000080000000, 0x0000000084300000, 0x00000000d5580000)
  object space 68608K, 96% used [0x0000000080000000,0x00000000840fb558,0x0000000084300000)
 Metaspace       used 48716K, committed 50048K, reserved 1114112K
  class space    used 5261K, committed 5824K, reserved 1048576K
}
Event: 15.227 GC heap after
{Heap after GC invocations=37 (full 2):
 PSYoungGen      total 19968K, used 2547K [0x00000000d5580000, 0x00000000d6c80000, 0x0000000100000000)
  eden space 17408K, 0% used [0x00000000d5580000,0x00000000d5580000,0x00000000d6680000)
  from space 2560K, 99% used [0x00000000d6700000,0x00000000d697cc60,0x00000000d6980000)
  to   space 3072K, 0% used [0x00000000d6980000,0x00000000d6980000,0x00000000d6c80000)
 ParOldGen       total 69120K, used 68931K [0x0000000080000000, 0x0000000084380000, 0x00000000d5580000)
  object space 69120K, 99% used [0x0000000080000000,0x0000000084350dc0,0x0000000084380000)
 Metaspace       used 48716K, committed 50048K, reserved 1114112K
  class space    used 5261K, committed 5824K, reserved 1048576K
}
Event: 15.395 GC heap before
{Heap before GC invocations=38 (full 2):
 PSYoungGen      total 19968K, used 19955K [0x00000000d5580000, 0x00000000d6c80000, 0x0000000100000000)
  eden space 17408K, 100% used [0x00000000d5580000,0x00000000d6680000,0x00000000d6680000)
  from space 2560K, 99% used [0x00000000d6700000,0x00000000d697cc60,0x00000000d6980000)
  to   space 3072K, 0% used [0x00000000d6980000,0x00000000d6980000,0x00000000d6c80000)
 ParOldGen       total 69120K, used 68931K [0x0000000080000000, 0x0000000084380000, 0x00000000d5580000)
  object space 69120K, 99% used [0x0000000080000000,0x0000000084350dc0,0x0000000084380000)
 Metaspace       used 48772K, committed 50112K, reserved 1114112K
  class space    used 5261K, committed 5824K, reserved 1048576K
}
Event: 15.397 GC heap after
{Heap after GC invocations=38 (full 2):
 PSYoungGen      total 20480K, used 2705K [0x00000000d5580000, 0x00000000d6c80000, 0x0000000100000000)
  eden space 17408K, 0% used [0x00000000d5580000,0x00000000d5580000,0x00000000d6680000)
  from space 3072K, 88% used [0x00000000d6980000,0x00000000d6c24520,0x00000000d6c80000)
  to   space 3072K, 0% used [0x00000000d6680000,0x00000000d6680000,0x00000000d6980000)
 ParOldGen       total 71680K, used 71255K [0x0000000080000000, 0x0000000084600000, 0x00000000d5580000)
  object space 71680K, 99% used [0x0000000080000000,0x0000000084595c80,0x0000000084600000)
 Metaspace       used 48772K, committed 50112K, reserved 1114112K
  class space    used 5261K, committed 5824K, reserved 1048576K
}
Event: 15.505 GC heap before
{Heap before GC invocations=39 (full 2):
 PSYoungGen      total 20480K, used 20113K [0x00000000d5580000, 0x00000000d6c80000, 0x0000000100000000)
  eden space 17408K, 100% used [0x00000000d5580000,0x00000000d6680000,0x00000000d6680000)
  from space 3072K, 88% used [0x00000000d6980000,0x00000000d6c24520,0x00000000d6c80000)
  to   space 3072K, 0% used [0x00000000d6680000,0x00000000d6680000,0x00000000d6980000)
 ParOldGen       total 71680K, used 71295K [0x0000000080000000, 0x0000000084600000, 0x00000000d5580000)
  object space 71680K, 99% used [0x0000000080000000,0x000000008459fc30,0x0000000084600000)
 Metaspace       used 48823K, committed 50176K, reserved 1114112K
  class space    used 5269K, committed 5824K, reserved 1048576K
}
Event: 15.508 GC heap after
{Heap after GC invocations=39 (full 2):
 PSYoungGen      total 20480K, used 2777K [0x00000000d5580000, 0x00000000d6c80000, 0x0000000100000000)
  eden space 17408K, 0% used [0x00000000d5580000,0x00000000d5580000,0x00000000d6680000)
  from space 3072K, 90% used [0x00000000d6680000,0x00000000d6936508,0x00000000d6980000)
  to   space 3072K, 0% used [0x00000000d6980000,0x00000000d6980000,0x00000000d6c80000)
 ParOldGen       total 74240K, used 73837K [0x0000000080000000, 0x0000000084880000, 0x00000000d5580000)
  object space 74240K, 99% used [0x0000000080000000,0x000000008481b4f0,0x0000000084880000)
 Metaspace       used 48823K, committed 50176K, reserved 1114112K
  class space    used 5269K, committed 5824K, reserved 1048576K
}
Event: 15.569 GC heap before
{Heap before GC invocations=40 (full 2):
 PSYoungGen      total 20480K, used 20185K [0x00000000d5580000, 0x00000000d6c80000, 0x0000000100000000)
  eden space 17408K, 100% used [0x00000000d5580000,0x00000000d6680000,0x00000000d6680000)
  from space 3072K, 90% used [0x00000000d6680000,0x00000000d6936508,0x00000000d6980000)
  to   space 3072K, 0% used [0x00000000d6980000,0x00000000d6980000,0x00000000d6c80000)
 ParOldGen       total 74240K, used 73846K [0x0000000080000000, 0x0000000084880000, 0x00000000d5580000)
  object space 74240K, 99% used [0x0000000080000000,0x000000008481d908,0x0000000084880000)
 Metaspace       used 48837K, committed 50176K, reserved 1114112K
  class space    used 5269K, committed 5824K, reserved 1048576K
}
Event: 15.575 GC heap after
{Heap after GC invocations=40 (full 2):
 PSYoungGen      total 19456K, used 1873K [0x00000000d5580000, 0x00000000d6b80000, 0x0000000100000000)
  eden space 17408K, 0% used [0x00000000d5580000,0x00000000d5580000,0x00000000d6680000)
  from space 2048K, 91% used [0x00000000d6980000,0x00000000d6b54750,0x00000000d6b80000)
  to   space 2560K, 0% used [0x00000000d6680000,0x00000000d6680000,0x00000000d6900000)
 ParOldGen       total 76800K, used 76394K [0x0000000080000000, 0x0000000084b00000, 0x00000000d5580000)
  object space 76800K, 99% used [0x0000000080000000,0x0000000084a9aa98,0x0000000084b00000)
 Metaspace       used 48837K, committed 50176K, reserved 1114112K
  class space    used 5269K, committed 5824K, reserved 1048576K
}
Event: 15.793 GC heap before
{Heap before GC invocations=41 (full 2):
 PSYoungGen      total 19456K, used 19281K [0x00000000d5580000, 0x00000000d6b80000, 0x0000000100000000)
  eden space 17408K, 100% used [0x00000000d5580000,0x00000000d6680000,0x00000000d6680000)
  from space 2048K, 91% used [0x00000000d6980000,0x00000000d6b54750,0x00000000d6b80000)
  to   space 2560K, 0% used [0x00000000d6680000,0x00000000d6680000,0x00000000d6900000)
 ParOldGen       total 76800K, used 76398K [0x0000000080000000, 0x0000000084b00000, 0x00000000d5580000)
  object space 76800K, 99% used [0x0000000080000000,0x0000000084a9ba50,0x0000000084b00000)
 Metaspace       used 48947K, committed 50240K, reserved 1114112K
  class space    used 5283K, committed 5824K, reserved 1048576K
}
Event: 15.797 GC heap after
{Heap after GC invocations=41 (full 2):
 PSYoungGen      total 19968K, used 2528K [0x00000000d5580000, 0x00000000d7080000, 0x0000000100000000)
  eden space 17408K, 0% used [0x00000000d5580000,0x00000000d5580000,0x00000000d6680000)
  from space 2560K, 98% used [0x00000000d6680000,0x00000000d68f8008,0x00000000d6900000)
  to   space 5120K, 0% used [0x00000000d6b80000,0x00000000d6b80000,0x00000000d7080000)
 ParOldGen       total 78336K, used 78219K [0x0000000080000000, 0x0000000084c80000, 0x00000000d5580000)
  object space 78336K, 99% used [0x0000000080000000,0x0000000084c62f80,0x0000000084c80000)
 Metaspace       used 48947K, committed 50240K, reserved 1114112K
  class space    used 5283K, committed 5824K, reserved 1048576K
}
Event: 16.022 GC heap before
{Heap before GC invocations=42 (full 2):
 PSYoungGen      total 19968K, used 19936K [0x00000000d5580000, 0x00000000d7080000, 0x0000000100000000)
  eden space 17408K, 100% used [0x00000000d5580000,0x00000000d6680000,0x00000000d6680000)
  from space 2560K, 98% used [0x00000000d6680000,0x00000000d68f8008,0x00000000d6900000)
  to   space 5120K, 0% used [0x00000000d6b80000,0x00000000d6b80000,0x00000000d7080000)
 ParOldGen       total 78336K, used 78219K [0x0000000080000000, 0x0000000084c80000, 0x00000000d5580000)
  object space 78336K, 99% used [0x0000000080000000,0x0000000084c62f80,0x0000000084c80000)
 Metaspace       used 49150K, committed 50432K, reserved 1114112K
  class space    used 5296K, committed 5824K, reserved 1048576K
}
Event: 16.026 GC heap after
{Heap after GC invocations=42 (full 2):
 PSYoungGen      total 20480K, used 2822K [0x00000000d5580000, 0x00000000d6e80000, 0x0000000100000000)
  eden space 17408K, 0% used [0x00000000d5580000,0x00000000d5580000,0x00000000d6680000)
  from space 3072K, 91% used [0x00000000d6b80000,0x00000000d6e41b70,0x00000000d6e80000)
  to   space 3584K, 0% used [0x00000000d6780000,0x00000000d6780000,0x00000000d6b00000)
 ParOldGen       total 80896K, used 80704K [0x0000000080000000, 0x0000000084f00000, 0x00000000d5580000)
  object space 80896K, 99% used [0x0000000080000000,0x0000000084ed01a8,0x0000000084f00000)
 Metaspace       used 49150K, committed 50432K, reserved 1114112K
  class space    used 5296K, committed 5824K, reserved 1048576K
}
Event: 16.263 GC heap before
{Heap before GC invocations=43 (full 2):
 PSYoungGen      total 20480K, used 20230K [0x00000000d5580000, 0x00000000d6e80000, 0x0000000100000000)
  eden space 17408K, 100% used [0x00000000d5580000,0x00000000d6680000,0x00000000d6680000)
  from space 3072K, 91% used [0x00000000d6b80000,0x00000000d6e41b70,0x00000000d6e80000)
  to   space 3584K, 0% used [0x00000000d6780000,0x00000000d6780000,0x00000000d6b00000)
 ParOldGen       total 80896K, used 80704K [0x0000000080000000, 0x0000000084f00000, 0x00000000d5580000)
  object space 80896K, 99% used [0x0000000080000000,0x0000000084ed01a8,0x0000000084f00000)
 Metaspace       used 49193K, committed 50432K, reserved 1114112K
  class space    used 5300K, committed 5824K, reserved 1048576K
}
Event: 16.266 GC heap after
{Heap after GC invocations=43 (full 2):
 PSYoungGen      total 20480K, used 2777K [0x00000000d5580000, 0x00000000d6c80000, 0x0000000100000000)
  eden space 17408K, 0% used [0x00000000d5580000,0x00000000d5580000,0x00000000d6680000)
  from space 3072K, 90% used [0x00000000d6780000,0x00000000d6a366f0,0x00000000d6a80000)
  to   space 2048K, 0% used [0x00000000d6a80000,0x00000000d6a80000,0x00000000d6c80000)
 ParOldGen       total 83456K, used 83358K [0x0000000080000000, 0x0000000085180000, 0x00000000d5580000)
  object space 83456K, 99% used [0x0000000080000000,0x0000000085167980,0x0000000085180000)
 Metaspace       used 49193K, committed 50432K, reserved 1114112K
  class space    used 5300K, committed 5824K, reserved 1048576K
}
Event: 16.483 GC heap before
{Heap before GC invocations=44 (full 2):
 PSYoungGen      total 20480K, used 20185K [0x00000000d5580000, 0x00000000d6c80000, 0x0000000100000000)
  eden space 17408K, 100% used [0x00000000d5580000,0x00000000d6680000,0x00000000d6680000)
  from space 3072K, 90% used [0x00000000d6780000,0x00000000d6a366f0,0x00000000d6a80000)
  to   space 2048K, 0% used [0x00000000d6a80000,0x00000000d6a80000,0x00000000d6c80000)
 ParOldGen       total 83456K, used 83358K [0x0000000080000000, 0x0000000085180000, 0x00000000d5580000)
  object space 83456K, 99% used [0x0000000080000000,0x0000000085167980,0x0000000085180000)
 Metaspace       used 49219K, committed 50560K, reserved 1114112K
  class space    used 5305K, committed 5888K, reserved 1048576K
}
Event: 16.487 GC heap after
{Heap after GC invocations=44 (full 2):
 PSYoungGen      total 17408K, used 2021K [0x00000000d5580000, 0x00000000d7280000, 0x0000000100000000)
  eden space 15360K, 0% used [0x00000000d5580000,0x00000000d5580000,0x00000000d6480000)
  from space 2048K, 98% used [0x00000000d6a80000,0x00000000d6c794f8,0x00000000d6c80000)
  to   space 6144K, 0% used [0x00000000d6480000,0x00000000d6480000,0x00000000d6a80000)
 ParOldGen       total 87040K, used 86784K [0x0000000080000000, 0x0000000085500000, 0x00000000d5580000)
  object space 87040K, 99% used [0x0000000080000000,0x00000000854c03f0,0x0000000085500000)
 Metaspace       used 49219K, committed 50560K, reserved 1114112K
  class space    used 5305K, committed 5888K, reserved 1048576K
}
Event: 16.697 GC heap before
{Heap before GC invocations=45 (full 2):
 PSYoungGen      total 17408K, used 17381K [0x00000000d5580000, 0x00000000d7280000, 0x0000000100000000)
  eden space 15360K, 100% used [0x00000000d5580000,0x00000000d6480000,0x00000000d6480000)
  from space 2048K, 98% used [0x00000000d6a80000,0x00000000d6c794f8,0x00000000d6c80000)
  to   space 6144K, 0% used [0x00000000d6480000,0x00000000d6480000,0x00000000d6a80000)
 ParOldGen       total 87040K, used 86784K [0x0000000080000000, 0x0000000085500000, 0x00000000d5580000)
  object space 87040K, 99% used [0x0000000080000000,0x00000000854c03f0,0x0000000085500000)
 Metaspace       used 49220K, committed 50560K, reserved 1114112K
  class space    used 5305K, committed 5888K, reserved 1048576K
}
Event: 16.713 GC heap after
{Heap after GC invocations=45 (full 2):
 PSYoungGen      total 17920K, used 2546K [0x00000000d5580000, 0x00000000d6c80000, 0x0000000100000000)
  eden space 15360K, 0% used [0x00000000d5580000,0x00000000d5580000,0x00000000d6480000)
  from space 2560K, 99% used [0x00000000d6480000,0x00000000d66fca20,0x00000000d6700000)
  to   space 4096K, 0% used [0x00000000d6880000,0x00000000d6880000,0x00000000d6c80000)
 ParOldGen       total 89088K, used 88754K [0x0000000080000000, 0x0000000085700000, 0x00000000d5580000)
  object space 89088K, 99% used [0x0000000080000000,0x00000000856ac920,0x0000000085700000)
 Metaspace       used 49220K, committed 50560K, reserved 1114112K
  class space    used 5305K, committed 5888K, reserved 1048576K
}

